Using pre-set license
Built from '2022.3/staging' branch; Version is '2022.3.62f1 (4af31df58517) revision 4911901'; Using compiler version '192829333'; Build Type 'Release'
OS: 'Windows 10  (10.0.19045) 64bit Professional' Language: 'ar' Physical Memory: 7084 MB
BatchMode: 1, IsHumanControllingUs: 0, StartBugReporterOnCrash: 0, Is64bit: 1, IsPro: 1

COMMAND LINE ARGUMENTS:
C:\Program Files\Unity\Hub\Editor\2022.3.62f1\Editor\Unity.exe
-adb2
-batchMode
-noUpm
-name
AssetImportWorker0
-projectPath
C:/Users/thoth/Desktop/school-game/school game1
-logFile
Logs/AssetImportWorker0.log
-srvPort
61063
Successfully changed project path to: C:/Users/thoth/Desktop/school-game/school game1
C:/Users/thoth/Desktop/school-game/school game1
[UnityMemory] Configuration Parameters - Can be set up in boot.config
    "memorysetup-bucket-allocator-granularity=16"
    "memorysetup-bucket-allocator-bucket-count=8"
    "memorysetup-bucket-allocator-block-size=33554432"
    "memorysetup-bucket-allocator-block-count=8"
    "memorysetup-main-allocator-block-size=16777216"
    "memorysetup-thread-allocator-block-size=16777216"
    "memorysetup-gfx-main-allocator-block-size=16777216"
    "memorysetup-gfx-thread-allocator-block-size=16777216"
    "memorysetup-cache-allocator-block-size=4194304"
    "memorysetup-typetree-allocator-block-size=2097152"
    "memorysetup-profiler-bucket-allocator-granularity=16"
    "memorysetup-profiler-bucket-allocator-bucket-count=8"
    "memorysetup-profiler-bucket-allocator-block-size=33554432"
    "memorysetup-profiler-bucket-allocator-block-count=8"
    "memorysetup-profiler-allocator-block-size=16777216"
    "memorysetup-profiler-editor-allocator-block-size=1048576"
    "memorysetup-temp-allocator-size-main=16777216"
    "memorysetup-job-temp-allocator-block-size=2097152"
    "memorysetup-job-temp-allocator-block-size-background=1048576"
    "memorysetup-job-temp-allocator-reduction-small-platforms=262144"
    "memorysetup-allocator-temp-initial-block-size-main=262144"
    "memorysetup-allocator-temp-initial-block-size-worker=262144"
    "memorysetup-temp-allocator-size-background-worker=32768"
    "memorysetup-temp-allocator-size-job-worker=262144"
    "memorysetup-temp-allocator-size-preload-manager=33554432"
    "memorysetup-temp-allocator-size-nav-mesh-worker=65536"
    "memorysetup-temp-allocator-size-audio-worker=65536"
    "memorysetup-temp-allocator-size-cloud-worker=32768"
    "memorysetup-temp-allocator-size-gi-baking-worker=262144"
    "memorysetup-temp-allocator-size-gfx=262144"
Player connection [12328]  Target information:

Player connection [12328]  * "[IP] 192.168.1.29 [Port] 0 [Flags] 2 [Guid] 750183459 [EditorId] 750183459 [Version] 1048832 [Id] WindowsEditor(7,DESKTOP-06CUPUN) [Debug] 1 [PackageName] WindowsEditor [ProjectName] Editor" 

Player connection [12328]  * "[IP] 192.168.137.1 [Port] 0 [Flags] 2 [Guid] 750183459 [EditorId] 750183459 [Version] 1048832 [Id] WindowsEditor(7,DESKTOP-06CUPUN) [Debug] 1 [PackageName] WindowsEditor [ProjectName] Editor" 

Player connection [12328] Host joined multi-casting on [225.0.0.222:54997]...
Player connection [12328] Host joined alternative multi-casting on [225.0.0.222:34997]...
Input System module state changed to: Initialized.
[PhysX] Initialized MultithreadedTaskDispatcher with 4 workers.
Refreshing native plugins compatible for Editor in 117.09 ms, found 3 plugins.
Preloading 0 native plugins for Editor in 0.00 ms.
Initialize engine version: 2022.3.62f1 (4af31df58517)
[Subsystems] Discovering subsystems at path C:/Program Files/Unity/Hub/Editor/2022.3.62f1/Editor/Data/Resources/UnitySubsystems
[Subsystems] Discovering subsystems at path C:/Users/thoth/Desktop/school-game/school game1/Assets
GfxDevice: creating device client; threaded=0; jobified=0
Direct3D:
    Version:  Direct3D 11.0 [level 11.1]
    Renderer: AMD Radeon(TM) R7 Graphics (ID=0x9874)
    Vendor:   ATI
    VRAM:     3542 MB
    Driver:   27.20.20903.9001
Initialize mono
Mono path[0] = 'C:/Program Files/Unity/Hub/Editor/2022.3.62f1/Editor/Data/Managed'
Mono path[1] = 'C:/Program Files/Unity/Hub/Editor/2022.3.62f1/Editor/Data/MonoBleedingEdge/lib/mono/unityjit-win32'
Mono config path = 'C:/Program Files/Unity/Hub/Editor/2022.3.62f1/Editor/Data/MonoBleedingEdge/etc'
Using monoOptions --debugger-agent=transport=dt_socket,embedding=1,server=y,suspend=n,address=127.0.0.1:56048
Begin MonoManager ReloadAssembly
Registering precompiled unity dll's ...
Register platform support module: C:/Program Files/Unity/Hub/Editor/2022.3.62f1/Editor/Data/PlaybackEngines/WindowsStandaloneSupport/UnityEditor.WindowsStandalone.Extensions.dll
Registered in 0.107445 seconds.
- Loaded All Assemblies, in  5.013 seconds
Native extension for WindowsStandalone target not found
Mono: successfully reloaded assembly
- Finished resetting the current domain, in  1.978 seconds
Domain Reload Profiling: 6975ms
	BeginReloadAssembly (2821ms)
		ExecutionOrderSort (0ms)
		DisableScriptedObjects (0ms)
		BackupInstance (0ms)
		ReleaseScriptingObjects (0ms)
		CreateAndSetChildDomain (5ms)
	RebuildCommonClasses (308ms)
	RebuildNativeTypeToScriptingClass (128ms)
	initialDomainReloadingComplete (608ms)
	LoadAllAssembliesAndSetupDomain (1130ms)
		LoadAssemblies (2801ms)
		RebuildTransferFunctionScriptingTraits (0ms)
		AnalyzeDomain (1111ms)
			TypeCache.Refresh (1099ms)
				TypeCache.ScanAssembly (981ms)
			ScanForSourceGeneratedMonoScriptInfo (2ms)
			ResolveRequiredComponents (7ms)
	FinalizeReload (1980ms)
		ReleaseScriptCaches (0ms)
		RebuildScriptCaches (0ms)
		SetupLoadedEditorAssemblies (1624ms)
			LogAssemblyErrors (0ms)
			InitializePlatformSupportModulesInManaged (70ms)
			SetLoadedEditorAssemblies (24ms)
			RefreshPlugins (0ms)
			BeforeProcessingInitializeOnLoad (31ms)
			ProcessInitializeOnLoadAttributes (1172ms)
			ProcessInitializeOnLoadMethodAttributes (326ms)
			AfterProcessingInitializeOnLoad (0ms)
			EditorAssembliesLoaded (0ms)
		ExecutionOrderSort2 (0ms)
		AwakeInstancesAfterBackupRestoration (0ms)
========================================================================
Worker process is ready to serve import requests
Caller must complete domain reload
Begin MonoManager ReloadAssembly
- Loaded All Assemblies, in  6.823 seconds
Native extension for WindowsStandalone target not found
Mono: successfully reloaded assembly
- Finished resetting the current domain, in  5.263 seconds
Domain Reload Profiling: 12008ms
	BeginReloadAssembly (1790ms)
		ExecutionOrderSort (0ms)
		DisableScriptedObjects (93ms)
		BackupInstance (0ms)
		ReleaseScriptingObjects (0ms)
		CreateAndSetChildDomain (112ms)
	RebuildCommonClasses (305ms)
	RebuildNativeTypeToScriptingClass (83ms)
	initialDomainReloadingComplete (378ms)
	LoadAllAssembliesAndSetupDomain (4186ms)
		LoadAssemblies (3344ms)
		RebuildTransferFunctionScriptingTraits (0ms)
		AnalyzeDomain (1896ms)
			TypeCache.Refresh (1740ms)
				TypeCache.ScanAssembly (1664ms)
			ScanForSourceGeneratedMonoScriptInfo (74ms)
			ResolveRequiredComponents (76ms)
	FinalizeReload (5266ms)
		ReleaseScriptCaches (0ms)
		RebuildScriptCaches (0ms)
		SetupLoadedEditorAssemblies (4424ms)
			LogAssemblyErrors (0ms)
			InitializePlatformSupportModulesInManaged (35ms)
			SetLoadedEditorAssemblies (16ms)
			RefreshPlugins (0ms)
			BeforeProcessingInitializeOnLoad (319ms)
			ProcessInitializeOnLoadAttributes (3941ms)
			ProcessInitializeOnLoadMethodAttributes (77ms)
			AfterProcessingInitializeOnLoad (35ms)
			EditorAssembliesLoaded (1ms)
		ExecutionOrderSort2 (0ms)
		AwakeInstancesAfterBackupRestoration (27ms)
Launched and connected shader compiler UnityShaderCompiler.exe after 0.23 seconds
Refreshing native plugins compatible for Editor in 17.43 ms, found 3 plugins.
Preloading 0 native plugins for Editor in 0.00 ms.
Unloading 3134 Unused Serialized files (Serialized files now loaded: 0)
Unloading 19 unused Assets / (54.5 KB). Loaded Objects now: 3600.
Memory consumption went from 119.1 MB to 119.1 MB.
Total: 10.892400 ms (FindLiveObjects: 0.966700 ms CreateObjectMapping: 0.415200 ms MarkObjects: 9.181100 ms  DeleteObjects: 0.325800 ms)

AssetImportParameters requested are different than current active one (requested -> active):
  custom:container-demuxer-ogg: 62fdf1f143b41e24485cea50d1cbac27 -> 
  custom:video-decoder-ogg-theora: a1e56fd34408186e4bbccfd4996cb3dc -> 
  custom:framework-win-MediaFoundation: 216162199b28c13a410421893ffa2e32 -> 
  custom:CustomObjectIndexerAttribute: 9a22284fe3817be447336de3de66b15e -> 
  custom:container-demuxer-webm: 4f35f7cbe854078d1ac9338744f61a02 -> 
  custom:container-muxer-webm: aa71ff27fc2769a1b78a27578f13a17b -> 
  custom:video-decoder-webm-vp8: 9c59270c3fd7afecdb556c50c9e8de78 -> 
  custom:SearchIndexIgnoredProperties: e643bd26f0fe6173181afceb89e7c659 -> 
  custom:AudioImporter_EditorPlatform: d09bf68614088b80899f8185d706f6e7 -> 
  custom:video-encoder-webm-vp8: eb34c28f22e8b96e1ab97ce403110664 -> 
  custom:audio-decoder-ogg-vorbis: bf7c407c2cedff20999df2af8eb42d56 -> 
  custom:audio-encoder-webm-vorbis: bf7c407c2cedff20999df2af8eb42d56 -> 
========================================================================
Received Import Request.
  Time since last request: 650.807331 seconds.
  path: Assets/CubexCube - Free City Pack I/Textures
  artifactKey: Guid(fc714bee5d9b54447bc5640b63bb4cef) Importer(815301076,1909f56bfc062723c751e8b465ee728b)
Start importing Assets/CubexCube - Free City Pack I/Textures using Guid(fc714bee5d9b54447bc5640b63bb4cef) Importer(815301076,1909f56bfc062723c751e8b465ee728b) [PhysX] Initialized MultithreadedTaskDispatcher with 4 workers.
 -> (artifact id: '40d05c9fe185a088f92e1a5f5e085815') in 0.010537 seconds
Number of updated asset objects reloaded before import = 0
Number of asset objects unloaded after import = 0
========================================================================
Received Import Request.
  Time since last request: 0.000096 seconds.
  path: Assets/CubexCube - Free City Pack I/Prefabs/Props_Road/Env_Road_Sign_7.prefab
  artifactKey: Guid(9f857f559dc61a246bdb3a55c7daabd4) Importer(815301076,1909f56bfc062723c751e8b465ee728b)
Start importing Assets/CubexCube - Free City Pack I/Prefabs/Props_Road/Env_Road_Sign_7.prefab using Guid(9f857f559dc61a246bdb3a55c7daabd4) Importer(815301076,1909f56bfc062723c751e8b465ee728b) [PhysX] Initialized MultithreadedTaskDispatcher with 4 workers.
[PhysX] Initialized MultithreadedTaskDispatcher with 4 workers.
 -> (artifact id: '2c9876b8e4d82581e54d7a5e49904476') in 0.408735 seconds
Number of updated asset objects reloaded before import = 0
Number of asset objects unloaded after import = 9
========================================================================
Received Import Request.
  Time since last request: 0.000058 seconds.
  path: Assets/CubexCube - Free City Pack I/Prefabs/Roads/Road_Path_Sand.prefab
  artifactKey: Guid(c9100ed75a73bf04b90096419e7fae19) Importer(815301076,1909f56bfc062723c751e8b465ee728b)
Start importing Assets/CubexCube - Free City Pack I/Prefabs/Roads/Road_Path_Sand.prefab using Guid(c9100ed75a73bf04b90096419e7fae19) Importer(815301076,1909f56bfc062723c751e8b465ee728b) [PhysX] Initialized MultithreadedTaskDispatcher with 4 workers.
[PhysX] Initialized MultithreadedTaskDispatcher with 4 workers.
 -> (artifact id: '89b25fadcfacb641d198ece59a8a0a43') in 0.052182 seconds
Number of updated asset objects reloaded before import = 0
Number of asset objects unloaded after import = 9
========================================================================
Received Import Request.
  Time since last request: 0.000077 seconds.
  path: Assets/CubexCube - Free City Pack I/Prefabs/Props_Road/Env_Road_Barrier.prefab
  artifactKey: Guid(56f48ed2590f1b445b93f3e7dffe5362) Importer(815301076,1909f56bfc062723c751e8b465ee728b)
Start importing Assets/CubexCube - Free City Pack I/Prefabs/Props_Road/Env_Road_Barrier.prefab using Guid(56f48ed2590f1b445b93f3e7dffe5362) Importer(815301076,1909f56bfc062723c751e8b465ee728b) [PhysX] Initialized MultithreadedTaskDispatcher with 4 workers.
[PhysX] Initialized MultithreadedTaskDispatcher with 4 workers.
 -> (artifact id: 'bbe615fe3f56db3624d0f9171507a42b') in 0.041316 seconds
Number of updated asset objects reloaded before import = 0
Number of asset objects unloaded after import = 9
========================================================================
Received Import Request.
  Time since last request: 0.000049 seconds.
  path: Assets/CubexCube - Free City Pack I/Prefabs/Props_Street/Env_Bench.prefab
  artifactKey: Guid(0270035c124a6de4c8334d0f48cc142a) Importer(815301076,1909f56bfc062723c751e8b465ee728b)
Start importing Assets/CubexCube - Free City Pack I/Prefabs/Props_Street/Env_Bench.prefab using Guid(0270035c124a6de4c8334d0f48cc142a) Importer(815301076,1909f56bfc062723c751e8b465ee728b) [PhysX] Initialized MultithreadedTaskDispatcher with 4 workers.
[PhysX] Initialized MultithreadedTaskDispatcher with 4 workers.
 -> (artifact id: 'c220c592904f7a8fcc7a53a0222a0258') in 0.042550 seconds
Number of updated asset objects reloaded before import = 0
Number of asset objects unloaded after import = 9
========================================================================
Received Import Request.
  Time since last request: 0.000053 seconds.
  path: Assets/CubexCube - Free City Pack I/Prefabs/Props_Street/Props_Rocks_1.prefab
  artifactKey: Guid(c122b97af9a44cc489651f172081d1b6) Importer(815301076,1909f56bfc062723c751e8b465ee728b)
Start importing Assets/CubexCube - Free City Pack I/Prefabs/Props_Street/Props_Rocks_1.prefab using Guid(c122b97af9a44cc489651f172081d1b6) Importer(815301076,1909f56bfc062723c751e8b465ee728b) [PhysX] Initialized MultithreadedTaskDispatcher with 4 workers.
[PhysX] Initialized MultithreadedTaskDispatcher with 4 workers.
 -> (artifact id: '42c0e973bdd8b98b6bc7d4b5a336237f') in 0.044792 seconds
Number of updated asset objects reloaded before import = 0
Number of asset objects unloaded after import = 9
========================================================================
Received Import Request.
  Time since last request: 0.000050 seconds.
  path: Assets/CubexCube - Free City Pack I/Prefabs/Props_Road/Env_Speed_Bump.prefab
  artifactKey: Guid(3956d72fd1077174a812668e2a3f1d08) Importer(815301076,1909f56bfc062723c751e8b465ee728b)
Start importing Assets/CubexCube - Free City Pack I/Prefabs/Props_Road/Env_Speed_Bump.prefab using Guid(3956d72fd1077174a812668e2a3f1d08) Importer(815301076,1909f56bfc062723c751e8b465ee728b) [PhysX] Initialized MultithreadedTaskDispatcher with 4 workers.
[PhysX] Initialized MultithreadedTaskDispatcher with 4 workers.
 -> (artifact id: '33f99d20d92889d7f4c4908f06cf70e5') in 0.049869 seconds
Number of updated asset objects reloaded before import = 0
Number of asset objects unloaded after import = 9
========================================================================
Received Import Request.
  Time since last request: 0.000053 seconds.
  path: Assets/CubexCube - Free City Pack I/Prefabs/Props_Road/Env_Road_Column.prefab
  artifactKey: Guid(29ce3d69800f3f343951bef0487fbeb0) Importer(815301076,1909f56bfc062723c751e8b465ee728b)
Start importing Assets/CubexCube - Free City Pack I/Prefabs/Props_Road/Env_Road_Column.prefab using Guid(29ce3d69800f3f343951bef0487fbeb0) Importer(815301076,1909f56bfc062723c751e8b465ee728b) [PhysX] Initialized MultithreadedTaskDispatcher with 4 workers.
[PhysX] Initialized MultithreadedTaskDispatcher with 4 workers.
 -> (artifact id: '51258e074da69c4a5db812122a347e15') in 0.050812 seconds
Number of updated asset objects reloaded before import = 0
Number of asset objects unloaded after import = 9
========================================================================
Received Import Request.
  Time since last request: 0.000051 seconds.
  path: Assets/CubexCube - Free City Pack I/Prefabs/Roads/Road_Home.prefab
  artifactKey: Guid(7894106b5f58e484e99789f4b852a13c) Importer(815301076,1909f56bfc062723c751e8b465ee728b)
Start importing Assets/CubexCube - Free City Pack I/Prefabs/Roads/Road_Home.prefab using Guid(7894106b5f58e484e99789f4b852a13c) Importer(815301076,1909f56bfc062723c751e8b465ee728b) [PhysX] Initialized MultithreadedTaskDispatcher with 4 workers.
[PhysX] Initialized MultithreadedTaskDispatcher with 4 workers.
 -> (artifact id: 'b0953d9fcb8e78a5ecf05e0c56424522') in 0.046151 seconds
Number of updated asset objects reloaded before import = 0
Number of asset objects unloaded after import = 9
========================================================================
Received Import Request.
  Time since last request: 0.000082 seconds.
  path: Assets/CubexCube - Free City Pack I/Prefabs/Roads/Road_Grass.prefab
  artifactKey: Guid(9a326c21925f15e41b3148b0c55dcb2b) Importer(815301076,1909f56bfc062723c751e8b465ee728b)
Start importing Assets/CubexCube - Free City Pack I/Prefabs/Roads/Road_Grass.prefab using Guid(9a326c21925f15e41b3148b0c55dcb2b) Importer(815301076,1909f56bfc062723c751e8b465ee728b) [PhysX] Initialized MultithreadedTaskDispatcher with 4 workers.
[PhysX] Initialized MultithreadedTaskDispatcher with 4 workers.
 -> (artifact id: 'b94a3ddd988e8059a676bf4eaabb2ce0') in 0.884495 seconds
Number of updated asset objects reloaded before import = 0
Number of asset objects unloaded after import = 9
========================================================================
Received Import Request.
  Time since last request: 0.000086 seconds.
  path: Assets/CubexCube - Free City Pack I/Prefabs/Building/Bld_5_Floor_2_Porch_House_1.prefab
  artifactKey: Guid(3f459ba82a538f7419f38a696216d446) Importer(815301076,1909f56bfc062723c751e8b465ee728b)
Start importing Assets/CubexCube - Free City Pack I/Prefabs/Building/Bld_5_Floor_2_Porch_House_1.prefab using Guid(3f459ba82a538f7419f38a696216d446) Importer(815301076,1909f56bfc062723c751e8b465ee728b) [PhysX] Initialized MultithreadedTaskDispatcher with 4 workers.
[PhysX] Initialized MultithreadedTaskDispatcher with 4 workers.
 -> (artifact id: '1ff4d7c60f1ea70a8658180da2b49d8d') in 0.232809 seconds
Number of updated asset objects reloaded before import = 0
Number of asset objects unloaded after import = 9
========================================================================
Received Import Request.
  Time since last request: 0.000248 seconds.
  path: Assets/CubexCube - Free City Pack I/Prefabs/Props_Street/Env_Playground_Fence_Turn_90.prefab
  artifactKey: Guid(a10b66a140101794697e7a74b9f62d5b) Importer(815301076,1909f56bfc062723c751e8b465ee728b)
Start importing Assets/CubexCube - Free City Pack I/Prefabs/Props_Street/Env_Playground_Fence_Turn_90.prefab using Guid(a10b66a140101794697e7a74b9f62d5b) Importer(815301076,1909f56bfc062723c751e8b465ee728b) [PhysX] Initialized MultithreadedTaskDispatcher with 4 workers.
[PhysX] Initialized MultithreadedTaskDispatcher with 4 workers.
 -> (artifact id: 'c69495bbbb08116353d983636ea3a32f') in 0.193622 seconds
Number of updated asset objects reloaded before import = 0
Number of asset objects unloaded after import = 9
========================================================================
Received Import Request.
  Time since last request: 0.001594 seconds.
  path: Assets/CubexCube - Free City Pack I/Prefabs/Props_Street/Env_Trash_Can_3.prefab
  artifactKey: Guid(0d1ac09e7b5f4de469d9633c60d21f03) Importer(815301076,1909f56bfc062723c751e8b465ee728b)
Start importing Assets/CubexCube - Free City Pack I/Prefabs/Props_Street/Env_Trash_Can_3.prefab using Guid(0d1ac09e7b5f4de469d9633c60d21f03) Importer(815301076,1909f56bfc062723c751e8b465ee728b) [PhysX] Initialized MultithreadedTaskDispatcher with 4 workers.
[PhysX] Initialized MultithreadedTaskDispatcher with 4 workers.
 -> (artifact id: 'b952fd2b225bb733014a3465106a274e') in 0.150343 seconds
Number of updated asset objects reloaded before import = 0
Number of asset objects unloaded after import = 9
========================================================================
Received Import Request.
  Time since last request: 0.000065 seconds.
  path: Assets/CubexCube - Free City Pack I/Prefabs/Props_Street/Env_Playground_6.prefab
  artifactKey: Guid(abe16233ef9d0af4ba4dbccd5a19f0de) Importer(815301076,1909f56bfc062723c751e8b465ee728b)
Start importing Assets/CubexCube - Free City Pack I/Prefabs/Props_Street/Env_Playground_6.prefab using Guid(abe16233ef9d0af4ba4dbccd5a19f0de) Importer(815301076,1909f56bfc062723c751e8b465ee728b) [PhysX] Initialized MultithreadedTaskDispatcher with 4 workers.
[PhysX] Initialized MultithreadedTaskDispatcher with 4 workers.
 -> (artifact id: '85f05641dc78df9d9adf0bad2149e87b') in 0.070487 seconds
Number of updated asset objects reloaded before import = 0
Number of asset objects unloaded after import = 9
========================================================================
Received Import Request.
  Time since last request: 0.000168 seconds.
  path: Assets/CubexCube - Free City Pack I/Textures/Texture_1.png
  artifactKey: Guid(90f8b60db8cf5f842be96c90052782f6) Importer(815301076,1909f56bfc062723c751e8b465ee728b)
Start importing Assets/CubexCube - Free City Pack I/Textures/Texture_1.png using Guid(90f8b60db8cf5f842be96c90052782f6) Importer(815301076,1909f56bfc062723c751e8b465ee728b) [PhysX] Initialized MultithreadedTaskDispatcher with 4 workers.
[PhysX] Initialized MultithreadedTaskDispatcher with 4 workers.
 -> (artifact id: '583271c84aa3d9d7eec93eca47df1914') in 0.134240 seconds
Number of updated asset objects reloaded before import = 0
Number of asset objects unloaded after import = 2
========================================================================
Received Import Request.
  Time since last request: 0.000051 seconds.
  path: Assets/CubexCube - Free City Pack I/Prefabs/Props_Street/Env_Playground.prefab
  artifactKey: Guid(2981c613c7a20ef4c99ca87072fb247b) Importer(815301076,1909f56bfc062723c751e8b465ee728b)
Start importing Assets/CubexCube - Free City Pack I/Prefabs/Props_Street/Env_Playground.prefab using Guid(2981c613c7a20ef4c99ca87072fb247b) Importer(815301076,1909f56bfc062723c751e8b465ee728b) [PhysX] Initialized MultithreadedTaskDispatcher with 4 workers.
[PhysX] Initialized MultithreadedTaskDispatcher with 4 workers.
 -> (artifact id: '9edc9be638b788a59a585578a0bcbecf') in 0.084721 seconds
Number of updated asset objects reloaded before import = 0
Number of asset objects unloaded after import = 9
========================================================================
Received Import Request.
  Time since last request: 0.000051 seconds.
  path: Assets/CubexCube - Free City Pack I/Prefabs/Roads/Road_Turn_90_1.prefab
  artifactKey: Guid(11864c339127ed04fa3ae056bce429a7) Importer(815301076,1909f56bfc062723c751e8b465ee728b)
Start importing Assets/CubexCube - Free City Pack I/Prefabs/Roads/Road_Turn_90_1.prefab using Guid(11864c339127ed04fa3ae056bce429a7) Importer(815301076,1909f56bfc062723c751e8b465ee728b) [PhysX] Initialized MultithreadedTaskDispatcher with 4 workers.
[PhysX] Initialized MultithreadedTaskDispatcher with 4 workers.
 -> (artifact id: 'a7093c932382e4496d0e2fff8ed9e4cf') in 0.093395 seconds
Number of updated asset objects reloaded before import = 0
Number of asset objects unloaded after import = 9
========================================================================
Received Import Request.
  Time since last request: 0.000118 seconds.
  path: Assets/CubexCube - Free City Pack I/Prefabs/Props_Street/Env_Type3_Tree_2.prefab
  artifactKey: Guid(a959dbb7b69ddcc47a11a936f54eb5d5) Importer(815301076,1909f56bfc062723c751e8b465ee728b)
Start importing Assets/CubexCube - Free City Pack I/Prefabs/Props_Street/Env_Type3_Tree_2.prefab using Guid(a959dbb7b69ddcc47a11a936f54eb5d5) Importer(815301076,1909f56bfc062723c751e8b465ee728b) [PhysX] Initialized MultithreadedTaskDispatcher with 4 workers.
[PhysX] Initialized MultithreadedTaskDispatcher with 4 workers.
 -> (artifact id: '232e04331a3eb0c9450b52b28b0dd707') in 0.072628 seconds
Number of updated asset objects reloaded before import = 0
Number of asset objects unloaded after import = 9
========================================================================
Received Import Request.
  Time since last request: 0.000054 seconds.
  path: Assets/CubexCube - Free City Pack I/Prefabs/Props_Street/Env_Bush_1.prefab
  artifactKey: Guid(1b26601055a38de46add6f5f4db75b57) Importer(815301076,1909f56bfc062723c751e8b465ee728b)
Start importing Assets/CubexCube - Free City Pack I/Prefabs/Props_Street/Env_Bush_1.prefab using Guid(1b26601055a38de46add6f5f4db75b57) Importer(815301076,1909f56bfc062723c751e8b465ee728b) [PhysX] Initialized MultithreadedTaskDispatcher with 4 workers.
[PhysX] Initialized MultithreadedTaskDispatcher with 4 workers.
 -> (artifact id: '95e65835846ddca6b60d10695b3930e4') in 0.097486 seconds
Number of updated asset objects reloaded before import = 0
Number of asset objects unloaded after import = 9
========================================================================
Received Import Request.
  Time since last request: 0.000059 seconds.
  path: Assets/CubexCube - Free City Pack I/Prefabs/Roads/Road_Sand.prefab
  artifactKey: Guid(ef337f5cf40006b49a2e4264022f608a) Importer(815301076,1909f56bfc062723c751e8b465ee728b)
Start importing Assets/CubexCube - Free City Pack I/Prefabs/Roads/Road_Sand.prefab using Guid(ef337f5cf40006b49a2e4264022f608a) Importer(815301076,1909f56bfc062723c751e8b465ee728b) [PhysX] Initialized MultithreadedTaskDispatcher with 4 workers.
[PhysX] Initialized MultithreadedTaskDispatcher with 4 workers.
 -> (artifact id: '25a8a5a04efc442a42b6f05c4347c8ce') in 0.133798 seconds
Number of updated asset objects reloaded before import = 0
Number of asset objects unloaded after import = 9
========================================================================
Received Import Request.
  Time since last request: 0.000082 seconds.
  path: Assets/CubexCube - Free City Pack I/Prefabs/Props_Street/Env_Grass_2.prefab
  artifactKey: Guid(cd02b0eb72156a84ea97b04a3cead257) Importer(815301076,1909f56bfc062723c751e8b465ee728b)
Start importing Assets/CubexCube - Free City Pack I/Prefabs/Props_Street/Env_Grass_2.prefab using Guid(cd02b0eb72156a84ea97b04a3cead257) Importer(815301076,1909f56bfc062723c751e8b465ee728b) [PhysX] Initialized MultithreadedTaskDispatcher with 4 workers.
[PhysX] Initialized MultithreadedTaskDispatcher with 4 workers.
 -> (artifact id: '65b9f5632340b28eac79b95f0fdf6f78') in 0.102487 seconds
Number of updated asset objects reloaded before import = 0
Number of asset objects unloaded after import = 9
========================================================================
Received Import Request.
  Time since last request: 0.000087 seconds.
  path: Assets/CubexCube - Free City Pack I/Prefabs/Roads/Road_Pedastrian_Half.prefab
  artifactKey: Guid(f28865b5bb4f2c94cb5352c0871f9ffc) Importer(815301076,1909f56bfc062723c751e8b465ee728b)
Start importing Assets/CubexCube - Free City Pack I/Prefabs/Roads/Road_Pedastrian_Half.prefab using Guid(f28865b5bb4f2c94cb5352c0871f9ffc) Importer(815301076,1909f56bfc062723c751e8b465ee728b) [PhysX] Initialized MultithreadedTaskDispatcher with 4 workers.
[PhysX] Initialized MultithreadedTaskDispatcher with 4 workers.
 -> (artifact id: '795649ff33420e8d1b9741579355f379') in 0.093857 seconds
Number of updated asset objects reloaded before import = 0
Number of asset objects unloaded after import = 9
========================================================================
Received Import Request.
  Time since last request: 0.000060 seconds.
  path: Assets/CubexCube - Free City Pack I/Prefabs/Billboards
  artifactKey: Guid(23460841f9fc821428cf674ecc269eab) Importer(815301076,1909f56bfc062723c751e8b465ee728b)
Start importing Assets/CubexCube - Free City Pack I/Prefabs/Billboards using Guid(23460841f9fc821428cf674ecc269eab) Importer(815301076,1909f56bfc062723c751e8b465ee728b) [PhysX] Initialized MultithreadedTaskDispatcher with 4 workers.
 -> (artifact id: '3e6cca88fcec7df6d6ee50a113168e83') in 0.004324 seconds
Number of updated asset objects reloaded before import = 0
Number of asset objects unloaded after import = 0
========================================================================
Received Import Request.
  Time since last request: 0.000103 seconds.
  path: Assets/CubexCube - Free City Pack I/Prefabs/Cars/Car_Hatch.prefab
  artifactKey: Guid(2668c4ddafd16204ea009f3f269de2e0) Importer(815301076,1909f56bfc062723c751e8b465ee728b)
Start importing Assets/CubexCube - Free City Pack I/Prefabs/Cars/Car_Hatch.prefab using Guid(2668c4ddafd16204ea009f3f269de2e0) Importer(815301076,1909f56bfc062723c751e8b465ee728b) [PhysX] Initialized MultithreadedTaskDispatcher with 4 workers.
[PhysX] Initialized MultithreadedTaskDispatcher with 4 workers.
 -> (artifact id: 'e07e095f3d4c9ed83b78d961274c6afa') in 0.097085 seconds
Number of updated asset objects reloaded before import = 0
Number of asset objects unloaded after import = 31
========================================================================
Received Import Request.
  Time since last request: 0.000055 seconds.
  path: Assets/CubexCube - Free City Pack I/Prefabs/Roads/Road_With_Band_Half_Without_Border_2.prefab
  artifactKey: Guid(05780c3da5ea4dd47a3c839b5b3c3ce4) Importer(815301076,1909f56bfc062723c751e8b465ee728b)
Start importing Assets/CubexCube - Free City Pack I/Prefabs/Roads/Road_With_Band_Half_Without_Border_2.prefab using Guid(05780c3da5ea4dd47a3c839b5b3c3ce4) Importer(815301076,1909f56bfc062723c751e8b465ee728b) [PhysX] Initialized MultithreadedTaskDispatcher with 4 workers.
[PhysX] Initialized MultithreadedTaskDispatcher with 4 workers.
 -> (artifact id: '8a00cbe5273740d19048fc37c81cb558') in 0.119071 seconds
Number of updated asset objects reloaded before import = 0
Number of asset objects unloaded after import = 9
========================================================================
Received Import Request.
  Time since last request: 0.000053 seconds.
  path: Assets/CubexCube - Free City Pack I/Prefabs/Billboards/Env_Billboard_Small_2.prefab
  artifactKey: Guid(777f0142cde5c494a88ddaf9967484ab) Importer(815301076,1909f56bfc062723c751e8b465ee728b)
Start importing Assets/CubexCube - Free City Pack I/Prefabs/Billboards/Env_Billboard_Small_2.prefab using Guid(777f0142cde5c494a88ddaf9967484ab) Importer(815301076,1909f56bfc062723c751e8b465ee728b) [PhysX] Initialized MultithreadedTaskDispatcher with 4 workers.
[PhysX] Initialized MultithreadedTaskDispatcher with 4 workers.
 -> (artifact id: 'b9bfedfeb0221843bf1cf4962ab3e3d0') in 0.085749 seconds
Number of updated asset objects reloaded before import = 0
Number of asset objects unloaded after import = 9
========================================================================
Received Import Request.
  Time since last request: 0.000158 seconds.
  path: Assets/CubexCube - Free City Pack I/Prefabs/Props_Street/Env_Playground_4.prefab
  artifactKey: Guid(222e8f94a7db67e469900aae1bb2247b) Importer(815301076,1909f56bfc062723c751e8b465ee728b)
Start importing Assets/CubexCube - Free City Pack I/Prefabs/Props_Street/Env_Playground_4.prefab using Guid(222e8f94a7db67e469900aae1bb2247b) Importer(815301076,1909f56bfc062723c751e8b465ee728b) [PhysX] Initialized MultithreadedTaskDispatcher with 4 workers.
[PhysX] Initialized MultithreadedTaskDispatcher with 4 workers.
 -> (artifact id: '85489bf77a8c1fab1c9d2f75f93ffea0') in 0.182138 seconds
Number of updated asset objects reloaded before import = 0
Number of asset objects unloaded after import = 9
========================================================================
Received Import Request.
  Time since last request: 0.000058 seconds.
  path: Assets/CubexCube - Free City Pack I/Prefabs/Roads/Road.prefab
  artifactKey: Guid(0c2e39117d4709a42b2435bcc83163e4) Importer(815301076,1909f56bfc062723c751e8b465ee728b)
Start importing Assets/CubexCube - Free City Pack I/Prefabs/Roads/Road.prefab using Guid(0c2e39117d4709a42b2435bcc83163e4) Importer(815301076,1909f56bfc062723c751e8b465ee728b) [PhysX] Initialized MultithreadedTaskDispatcher with 4 workers.
[PhysX] Initialized MultithreadedTaskDispatcher with 4 workers.
 -> (artifact id: '43a88148ad5bed3a2fc0e61024abc34a') in 1.072467 seconds
Number of updated asset objects reloaded before import = 0
Number of asset objects unloaded after import = 9
========================================================================
Received Import Request.
  Time since last request: 0.000142 seconds.
  path: Assets/CubexCube - Free City Pack I/Textures/Texture_Billboard_1.png
  artifactKey: Guid(54d9c94a4f5e2884b939d10e3107c0cc) Importer(815301076,1909f56bfc062723c751e8b465ee728b)
Start importing Assets/CubexCube - Free City Pack I/Textures/Texture_Billboard_1.png using Guid(54d9c94a4f5e2884b939d10e3107c0cc) Importer(815301076,1909f56bfc062723c751e8b465ee728b) [PhysX] Initialized MultithreadedTaskDispatcher with 4 workers.
[PhysX] Initialized MultithreadedTaskDispatcher with 4 workers.
 -> (artifact id: '334c506c8b56f95428dc5e41f11b8751') in 0.278551 seconds
Number of updated asset objects reloaded before import = 0
Number of asset objects unloaded after import = 2
========================================================================
Received Import Request.
  Time since last request: 0.000128 seconds.
  path: Assets/CubexCube - Free City Pack I/Prefabs/Props_Street/Env_Playground_Fence.prefab
  artifactKey: Guid(6d0b9ee302949eb4584a96c62493a59d) Importer(815301076,1909f56bfc062723c751e8b465ee728b)
Start importing Assets/CubexCube - Free City Pack I/Prefabs/Props_Street/Env_Playground_Fence.prefab using Guid(6d0b9ee302949eb4584a96c62493a59d) Importer(815301076,1909f56bfc062723c751e8b465ee728b) [PhysX] Initialized MultithreadedTaskDispatcher with 4 workers.
[PhysX] Initialized MultithreadedTaskDispatcher with 4 workers.
 -> (artifact id: 'c77f810435655529b7c46edde7e00a64') in 0.159452 seconds
Number of updated asset objects reloaded before import = 0
Number of asset objects unloaded after import = 9
========================================================================
Received Import Request.
  Time since last request: 0.000067 seconds.
  path: Assets/CubexCube - Free City Pack I/Prefabs/Roads/Road_Grass_Porch.prefab
  artifactKey: Guid(dd234b23cc354a847bb69f8c892e5d23) Importer(815301076,1909f56bfc062723c751e8b465ee728b)
Start importing Assets/CubexCube - Free City Pack I/Prefabs/Roads/Road_Grass_Porch.prefab using Guid(dd234b23cc354a847bb69f8c892e5d23) Importer(815301076,1909f56bfc062723c751e8b465ee728b) [PhysX] Initialized MultithreadedTaskDispatcher with 4 workers.
[PhysX] Initialized MultithreadedTaskDispatcher with 4 workers.
 -> (artifact id: 'c4e440046bfaca658ef637ca8766d9b4') in 1.128059 seconds
Number of updated asset objects reloaded before import = 0
Number of asset objects unloaded after import = 9
========================================================================
Received Import Request.
  Time since last request: 0.000113 seconds.
  path: Assets/CubexCube - Free City Pack I/Prefabs/Props_Street/Env_Type2_Tree_2.prefab
  artifactKey: Guid(d78d76fa32ac3cb4ea1136bc3e63af44) Importer(815301076,1909f56bfc062723c751e8b465ee728b)
Start importing Assets/CubexCube - Free City Pack I/Prefabs/Props_Street/Env_Type2_Tree_2.prefab using Guid(d78d76fa32ac3cb4ea1136bc3e63af44) Importer(815301076,1909f56bfc062723c751e8b465ee728b) [PhysX] Initialized MultithreadedTaskDispatcher with 4 workers.
[PhysX] Initialized MultithreadedTaskDispatcher with 4 workers.
 -> (artifact id: '20fe90388497260494aa5c35b55d5d62') in 0.282861 seconds
Number of updated asset objects reloaded before import = 0
Number of asset objects unloaded after import = 9
========================================================================
Received Import Request.
  Time since last request: 1386.027484 seconds.
  path: Assets/CubexCube - Free City Pack I/Materials/Texture_1.mat
  artifactKey: Guid(8a40424c3ce838049b9ab70b746e1ae1) Importer(815301076,1909f56bfc062723c751e8b465ee728b)
Start importing Assets/CubexCube - Free City Pack I/Materials/Texture_1.mat using Guid(8a40424c3ce838049b9ab70b746e1ae1) Importer(815301076,1909f56bfc062723c751e8b465ee728b) [PhysX] Initialized MultithreadedTaskDispatcher with 4 workers.
[PhysX] Initialized MultithreadedTaskDispatcher with 4 workers.
 -> (artifact id: '587afebde86a0c030cf27982ae727cbd') in 0.395369 seconds
Number of updated asset objects reloaded before import = 0
Number of asset objects unloaded after import = 2
========================================================================
Received Import Request.
  Time since last request: 0.000077 seconds.
  path: Assets/CubexCube - Free City Pack I/Materials/Texture_Billboard_01.mat
  artifactKey: Guid(8d32a805d5eb1194f8ecfb3f8fe04c53) Importer(815301076,1909f56bfc062723c751e8b465ee728b)
Start importing Assets/CubexCube - Free City Pack I/Materials/Texture_Billboard_01.mat using Guid(8d32a805d5eb1194f8ecfb3f8fe04c53) Importer(815301076,1909f56bfc062723c751e8b465ee728b) [PhysX] Initialized MultithreadedTaskDispatcher with 4 workers.
[PhysX] Initialized MultithreadedTaskDispatcher with 4 workers.
 -> (artifact id: '0911d8f71b67f4d1a087c9cd0f7e8638') in 0.207349 seconds
Number of updated asset objects reloaded before import = 0
Number of asset objects unloaded after import = 2
========================================================================
Received Import Request.
  Time since last request: 0.000093 seconds.
  path: Assets/CubexCube - Free City Pack I/Materials/Texture_Billboard_1.mat
  artifactKey: Guid(e1ee6290e9beeef42a10de37a39df1b1) Importer(815301076,1909f56bfc062723c751e8b465ee728b)
Start importing Assets/CubexCube - Free City Pack I/Materials/Texture_Billboard_1.mat using Guid(e1ee6290e9beeef42a10de37a39df1b1) Importer(815301076,1909f56bfc062723c751e8b465ee728b) [PhysX] Initialized MultithreadedTaskDispatcher with 4 workers.
[PhysX] Initialized MultithreadedTaskDispatcher with 4 workers.
 -> (artifact id: 'fd6f6cb7c0ac973e92a787033892f397') in 0.141202 seconds
Number of updated asset objects reloaded before import = 0
Number of asset objects unloaded after import = 2
========================================================================
Received Import Request.
  Time since last request: 7.547827 seconds.
  path: Assets/CubexCube - Free City Pack I
  artifactKey: Guid(2d95639f7afd0524f8168ebc360c4449) Importer(815301076,1909f56bfc062723c751e8b465ee728b)
Start importing Assets/CubexCube - Free City Pack I using Guid(2d95639f7afd0524f8168ebc360c4449) Importer(815301076,1909f56bfc062723c751e8b465ee728b) [PhysX] Initialized MultithreadedTaskDispatcher with 4 workers.
 -> (artifact id: '259f4fb3f49a17214d5ff04824da1f52') in 0.003022 seconds
Number of updated asset objects reloaded before import = 0
Number of asset objects unloaded after import = 0
========================================================================
Received Import Request.
  Time since last request: 213.321221 seconds.
  path: Assets/TileableBricksWall/Materials
  artifactKey: Guid(76cb12a068e55814eb570e3cc78933da) Importer(815301076,1909f56bfc062723c751e8b465ee728b)
Start importing Assets/TileableBricksWall/Materials using Guid(76cb12a068e55814eb570e3cc78933da) Importer(815301076,1909f56bfc062723c751e8b465ee728b) [PhysX] Initialized MultithreadedTaskDispatcher with 4 workers.
 -> (artifact id: '41896a0aa412ae097e06f9514b64a01a') in 0.001901 seconds
Number of updated asset objects reloaded before import = 0
Number of asset objects unloaded after import = 0
========================================================================
Received Import Request.
  Time since last request: 0.077108 seconds.
  path: Assets/TileableBricksWall/Materials/Bricks_01_mat.mat
  artifactKey: Guid(3abf473d50106f44c9611c2c76fd9a91) Importer(815301076,1909f56bfc062723c751e8b465ee728b)
Start importing Assets/TileableBricksWall/Materials/Bricks_01_mat.mat using Guid(3abf473d50106f44c9611c2c76fd9a91) Importer(815301076,1909f56bfc062723c751e8b465ee728b) [PhysX] Initialized MultithreadedTaskDispatcher with 4 workers.
[PhysX] Initialized MultithreadedTaskDispatcher with 4 workers.
 -> (artifact id: '83a846d7e61c007fc71299394a06b52c') in 1.054266 seconds
Number of updated asset objects reloaded before import = 0
Number of asset objects unloaded after import = 4
========================================================================
Received Import Request.
  Time since last request: 0.000063 seconds.
  path: Assets/TileableBricksWall/Materials/Bricks_normal.mat
  artifactKey: Guid(ca42368baa37e0b429cd7fc2047c8375) Importer(815301076,1909f56bfc062723c751e8b465ee728b)
Start importing Assets/TileableBricksWall/Materials/Bricks_normal.mat using Guid(ca42368baa37e0b429cd7fc2047c8375) Importer(815301076,1909f56bfc062723c751e8b465ee728b) [PhysX] Initialized MultithreadedTaskDispatcher with 4 workers.
[PhysX] Initialized MultithreadedTaskDispatcher with 4 workers.
 -> (artifact id: '2780de98f64577b981711e348503e8d9') in 0.067567 seconds
Number of updated asset objects reloaded before import = 0
Number of asset objects unloaded after import = 2
========================================================================
Received Import Request.
  Time since last request: 0.000068 seconds.
  path: Assets/TileableBricksWall/Materials/Bricks_diffuse.mat
  artifactKey: Guid(48d68b9813a751c4f85435b431328ca9) Importer(815301076,1909f56bfc062723c751e8b465ee728b)
Start importing Assets/TileableBricksWall/Materials/Bricks_diffuse.mat using Guid(48d68b9813a751c4f85435b431328ca9) Importer(815301076,1909f56bfc062723c751e8b465ee728b) [PhysX] Initialized MultithreadedTaskDispatcher with 4 workers.
[PhysX] Initialized MultithreadedTaskDispatcher with 4 workers.
 -> (artifact id: 'c78c142121f8a37c39e941421dfe574a') in 0.082669 seconds
Number of updated asset objects reloaded before import = 0
Number of asset objects unloaded after import = 2
========================================================================
Received Import Request.
  Time since last request: 0.000808 seconds.
  path: Assets/TileableBricksWall/Materials/Bricks_specular.mat
  artifactKey: Guid(fb5996c3c3e79f94c8f0103f19665960) Importer(815301076,1909f56bfc062723c751e8b465ee728b)
Start importing Assets/TileableBricksWall/Materials/Bricks_specular.mat using Guid(fb5996c3c3e79f94c8f0103f19665960) Importer(815301076,1909f56bfc062723c751e8b465ee728b) [PhysX] Initialized MultithreadedTaskDispatcher with 4 workers.
[PhysX] Initialized MultithreadedTaskDispatcher with 4 workers.
 -> (artifact id: 'f5b80fdc80e4fc142ecae866e36365fe') in 0.079992 seconds
Number of updated asset objects reloaded before import = 0
Number of asset objects unloaded after import = 2
========================================================================
Received Import Request.
  Time since last request: 0.000215 seconds.
  path: Assets/TileableBricksWall/Materials/Bricks_gloss.mat
  artifactKey: Guid(a85524797e0fe764fb711c9894bf843c) Importer(815301076,1909f56bfc062723c751e8b465ee728b)
Start importing Assets/TileableBricksWall/Materials/Bricks_gloss.mat using Guid(a85524797e0fe764fb711c9894bf843c) Importer(815301076,1909f56bfc062723c751e8b465ee728b) [PhysX] Initialized MultithreadedTaskDispatcher with 4 workers.
[PhysX] Initialized MultithreadedTaskDispatcher with 4 workers.
 -> (artifact id: '700bb02eec105406e45d6ae3fa138da2') in 0.102357 seconds
Number of updated asset objects reloaded before import = 0
Number of asset objects unloaded after import = 2
========================================================================
Received Import Request.
  Time since last request: 0.000069 seconds.
  path: Assets/TileableBricksWall/Materials/Bricks_01_mat2.mat
  artifactKey: Guid(333a08b54ec5eec4f84f74d910ad751e) Importer(815301076,1909f56bfc062723c751e8b465ee728b)
Start importing Assets/TileableBricksWall/Materials/Bricks_01_mat2.mat using Guid(333a08b54ec5eec4f84f74d910ad751e) Importer(815301076,1909f56bfc062723c751e8b465ee728b) [PhysX] Initialized MultithreadedTaskDispatcher with 4 workers.
[PhysX] Initialized MultithreadedTaskDispatcher with 4 workers.
 -> (artifact id: 'c33b7f1b34f4e049aecaf7884837afa4') in 1.706881 seconds
Number of updated asset objects reloaded before import = 0
Number of asset objects unloaded after import = 4
========================================================================
Received Import Request.
  Time since last request: 0.000064 seconds.
  path: Assets/TileableBricksWall/Materials/Height_map.mat
  artifactKey: Guid(eca3742f5bc1e5e43bffdd4420f56b5c) Importer(815301076,1909f56bfc062723c751e8b465ee728b)
Start importing Assets/TileableBricksWall/Materials/Height_map.mat using Guid(eca3742f5bc1e5e43bffdd4420f56b5c) Importer(815301076,1909f56bfc062723c751e8b465ee728b) [PhysX] Initialized MultithreadedTaskDispatcher with 4 workers.
[PhysX] Initialized MultithreadedTaskDispatcher with 4 workers.
 -> (artifact id: '63df4b38f5830254ec113cf6de33dcdc') in 0.066589 seconds
Number of updated asset objects reloaded before import = 0
Number of asset objects unloaded after import = 2
========================================================================
Received Import Request.
  Time since last request: 11.793658 seconds.
  path: Assets/MarioParadiso
  artifactKey: Guid(ab4b2990f513230469452c73eae2c006) Importer(815301076,1909f56bfc062723c751e8b465ee728b)
Start importing Assets/MarioParadiso using Guid(ab4b2990f513230469452c73eae2c006) Importer(815301076,1909f56bfc062723c751e8b465ee728b) [PhysX] Initialized MultithreadedTaskDispatcher with 4 workers.
 -> (artifact id: 'ef9712acee1be2fe4811c3305d3a3b08') in 0.001656 seconds
Number of updated asset objects reloaded before import = 0
Number of asset objects unloaded after import = 0
========================================================================
Received Import Request.
  Time since last request: 0.753619 seconds.
  path: Assets/MarioParadiso/BasketballRing
  artifactKey: Guid(00bb90728139c11418ee60d11e27506d) Importer(815301076,1909f56bfc062723c751e8b465ee728b)
Start importing Assets/MarioParadiso/BasketballRing using Guid(00bb90728139c11418ee60d11e27506d) Importer(815301076,1909f56bfc062723c751e8b465ee728b) [PhysX] Initialized MultithreadedTaskDispatcher with 4 workers.
 -> (artifact id: 'd1ce441ef93c111dc66e1482b7c53a19') in 0.001534 seconds
Number of updated asset objects reloaded before import = 0
Number of asset objects unloaded after import = 0
========================================================================
Received Import Request.
  Time since last request: 0.890171 seconds.
  path: Assets/MarioParadiso/BasketballRing/Built-In
  artifactKey: Guid(d901c6e28f0245540a934e5f595455db) Importer(815301076,1909f56bfc062723c751e8b465ee728b)
Start importing Assets/MarioParadiso/BasketballRing/Built-In using Guid(d901c6e28f0245540a934e5f595455db) Importer(815301076,1909f56bfc062723c751e8b465ee728b) [PhysX] Initialized MultithreadedTaskDispatcher with 4 workers.
 -> (artifact id: '1952d49e46c9a93320c749d476a49b68') in 0.001800 seconds
Number of updated asset objects reloaded before import = 0
Number of asset objects unloaded after import = 0
========================================================================
Received Import Request.
  Time since last request: 0.741243 seconds.
  path: Assets/MarioParadiso/BasketballRing/Built-In/Materials
  artifactKey: Guid(e84a2f76b46fad742848aca58cdd1956) Importer(815301076,1909f56bfc062723c751e8b465ee728b)
Start importing Assets/MarioParadiso/BasketballRing/Built-In/Materials using Guid(e84a2f76b46fad742848aca58cdd1956) Importer(815301076,1909f56bfc062723c751e8b465ee728b) [PhysX] Initialized MultithreadedTaskDispatcher with 4 workers.
 -> (artifact id: '5f34fec9e95308eb818b210f51241115') in 0.001518 seconds
Number of updated asset objects reloaded before import = 0
Number of asset objects unloaded after import = 0
========================================================================
Received Import Request.
  Time since last request: 0.049117 seconds.
  path: Assets/MarioParadiso/BasketballRing/Built-In/Materials/BasketballRing.mat
  artifactKey: Guid(4ccd88da4251b3546a178ba7369c020c) Importer(815301076,1909f56bfc062723c751e8b465ee728b)
Start importing Assets/MarioParadiso/BasketballRing/Built-In/Materials/BasketballRing.mat using Guid(4ccd88da4251b3546a178ba7369c020c) Importer(815301076,1909f56bfc062723c751e8b465ee728b) [PhysX] Initialized MultithreadedTaskDispatcher with 4 workers.
[PhysX] Initialized MultithreadedTaskDispatcher with 4 workers.
 -> (artifact id: 'e33fd74490e9656bfc98e36dbe50ebc1') in 3.934384 seconds
Number of updated asset objects reloaded before import = 0
Number of asset objects unloaded after import = 6
========================================================================
Received Import Request.
  Time since last request: 0.000086 seconds.
  path: Assets/MarioParadiso/BasketballRing/Built-In/Materials/Glass.mat
  artifactKey: Guid(4d5d60934e7a9904cafcec0fbeb5a768) Importer(815301076,1909f56bfc062723c751e8b465ee728b)
Start importing Assets/MarioParadiso/BasketballRing/Built-In/Materials/Glass.mat using Guid(4d5d60934e7a9904cafcec0fbeb5a768) Importer(815301076,1909f56bfc062723c751e8b465ee728b) [PhysX] Initialized MultithreadedTaskDispatcher with 4 workers.
[PhysX] Initialized MultithreadedTaskDispatcher with 4 workers.
 -> (artifact id: '5889d6d3c366cb9763347b341229f45c') in 1.292775 seconds
Number of updated asset objects reloaded before import = 0
Number of asset objects unloaded after import = 1
========================================================================
Received Import Request.
  Time since last request: 0.000483 seconds.
  path: Assets/MarioParadiso/BasketballRing/Built-In/Materials/Net.mat
  artifactKey: Guid(b68512ad6a1aa304e8bd79f3d5f6a1c2) Importer(815301076,1909f56bfc062723c751e8b465ee728b)
Start importing Assets/MarioParadiso/BasketballRing/Built-In/Materials/Net.mat using Guid(b68512ad6a1aa304e8bd79f3d5f6a1c2) Importer(815301076,1909f56bfc062723c751e8b465ee728b) [PhysX] Initialized MultithreadedTaskDispatcher with 4 workers.
[PhysX] Initialized MultithreadedTaskDispatcher with 4 workers.
 -> (artifact id: 'b80e9235ce2021d5fb8f8563cfbfaf94') in 0.108208 seconds
Number of updated asset objects reloaded before import = 0
Number of asset objects unloaded after import = 6
========================================================================
Received Import Request.
  Time since last request: 10.956626 seconds.
  path: Assets/MarioParadiso/BasketballRing/Textures
  artifactKey: Guid(f7145c5ec6793c547bd022f4af608e50) Importer(815301076,1909f56bfc062723c751e8b465ee728b)
Start importing Assets/MarioParadiso/BasketballRing/Textures using Guid(f7145c5ec6793c547bd022f4af608e50) Importer(815301076,1909f56bfc062723c751e8b465ee728b) [PhysX] Initialized MultithreadedTaskDispatcher with 4 workers.
 -> (artifact id: 'e15270a7b80293770f364063f060c8d8') in 0.003855 seconds
Number of updated asset objects reloaded before import = 0
Number of asset objects unloaded after import = 0
========================================================================
Received Import Request.
  Time since last request: 0.048997 seconds.
  path: Assets/MarioParadiso/BasketballRing/Textures/Net_Albedo.png
  artifactKey: Guid(a9616e50c792cbc4aacf8604f8843fa4) Importer(815301076,1909f56bfc062723c751e8b465ee728b)
Start importing Assets/MarioParadiso/BasketballRing/Textures/Net_Albedo.png using Guid(a9616e50c792cbc4aacf8604f8843fa4) Importer(815301076,1909f56bfc062723c751e8b465ee728b) [PhysX] Initialized MultithreadedTaskDispatcher with 4 workers.
[PhysX] Initialized MultithreadedTaskDispatcher with 4 workers.
 -> (artifact id: 'ca83f5c88d22d04d9a17d5172974c0c7') in 0.070375 seconds
Number of updated asset objects reloaded before import = 0
Number of asset objects unloaded after import = 2
========================================================================
Received Import Request.
  Time since last request: 0.000242 seconds.
  path: Assets/MarioParadiso/BasketballRing/Textures/Net_AO.png
  artifactKey: Guid(0ca6b99f2c601b54eb5e75084baabf84) Importer(815301076,1909f56bfc062723c751e8b465ee728b)
Start importing Assets/MarioParadiso/BasketballRing/Textures/Net_AO.png using Guid(0ca6b99f2c601b54eb5e75084baabf84) Importer(815301076,1909f56bfc062723c751e8b465ee728b) [PhysX] Initialized MultithreadedTaskDispatcher with 4 workers.
[PhysX] Initialized MultithreadedTaskDispatcher with 4 workers.
 -> (artifact id: 'df4fbe1fb309958b71b7bdb5c740e415') in 0.079787 seconds
Number of updated asset objects reloaded before import = 0
Number of asset objects unloaded after import = 2
========================================================================
Received Import Request.
  Time since last request: 0.000059 seconds.
  path: Assets/MarioParadiso/BasketballRing/Textures/Ring_Normal.png
  artifactKey: Guid(59e95c454b1c9004da29b47bd1587b44) Importer(815301076,1909f56bfc062723c751e8b465ee728b)
Start importing Assets/MarioParadiso/BasketballRing/Textures/Ring_Normal.png using Guid(59e95c454b1c9004da29b47bd1587b44) Importer(815301076,1909f56bfc062723c751e8b465ee728b) [PhysX] Initialized MultithreadedTaskDispatcher with 4 workers.
[PhysX] Initialized MultithreadedTaskDispatcher with 4 workers.
 -> (artifact id: '936ad12fc43ebdc49fc9a21cc4242cc3') in 0.186981 seconds
Number of updated asset objects reloaded before import = 0
Number of asset objects unloaded after import = 2
========================================================================
Received Import Request.
  Time since last request: 0.000108 seconds.
  path: Assets/MarioParadiso/BasketballRing/Textures/Net_Normal.png
  artifactKey: Guid(47f4509cf771de64899db3fd557f7e76) Importer(815301076,1909f56bfc062723c751e8b465ee728b)
Start importing Assets/MarioParadiso/BasketballRing/Textures/Net_Normal.png using Guid(47f4509cf771de64899db3fd557f7e76) Importer(815301076,1909f56bfc062723c751e8b465ee728b) [PhysX] Initialized MultithreadedTaskDispatcher with 4 workers.
[PhysX] Initialized MultithreadedTaskDispatcher with 4 workers.
 -> (artifact id: '60034940febe8dbf89ef57e014a61aa2') in 0.073015 seconds
Number of updated asset objects reloaded before import = 0
Number of asset objects unloaded after import = 2
========================================================================
Received Import Request.
  Time since last request: 0.000069 seconds.
  path: Assets/MarioParadiso/BasketballRing/Textures/Net_Height.png
  artifactKey: Guid(f4a73be3326ed3545b8d036d416497aa) Importer(815301076,1909f56bfc062723c751e8b465ee728b)
Start importing Assets/MarioParadiso/BasketballRing/Textures/Net_Height.png using Guid(f4a73be3326ed3545b8d036d416497aa) Importer(815301076,1909f56bfc062723c751e8b465ee728b) [PhysX] Initialized MultithreadedTaskDispatcher with 4 workers.
[PhysX] Initialized MultithreadedTaskDispatcher with 4 workers.
 -> (artifact id: '6bfa5cb198f30519b2f8607f0979ced9') in 0.063317 seconds
Number of updated asset objects reloaded before import = 0
Number of asset objects unloaded after import = 2
========================================================================
Received Import Request.
  Time since last request: 0.000058 seconds.
  path: Assets/MarioParadiso/BasketballRing/Textures/Ring_Albedo.png
  artifactKey: Guid(f8d9d3aa83a455e49947758c3b5a78cf) Importer(815301076,1909f56bfc062723c751e8b465ee728b)
Start importing Assets/MarioParadiso/BasketballRing/Textures/Ring_Albedo.png using Guid(f8d9d3aa83a455e49947758c3b5a78cf) Importer(815301076,1909f56bfc062723c751e8b465ee728b) [PhysX] Initialized MultithreadedTaskDispatcher with 4 workers.
[PhysX] Initialized MultithreadedTaskDispatcher with 4 workers.
 -> (artifact id: 'd23b11bb5ab021f5d62486de8a81d9c4') in 0.089890 seconds
Number of updated asset objects reloaded before import = 0
Number of asset objects unloaded after import = 2
========================================================================
Received Import Request.
  Time since last request: 0.000283 seconds.
  path: Assets/MarioParadiso/BasketballRing/Textures/Ring_Metallic.png
  artifactKey: Guid(92fa0eff89628d445a95b5819c03e571) Importer(815301076,1909f56bfc062723c751e8b465ee728b)
Start importing Assets/MarioParadiso/BasketballRing/Textures/Ring_Metallic.png using Guid(92fa0eff89628d445a95b5819c03e571) Importer(815301076,1909f56bfc062723c751e8b465ee728b) [PhysX] Initialized MultithreadedTaskDispatcher with 4 workers.
[PhysX] Initialized MultithreadedTaskDispatcher with 4 workers.
 -> (artifact id: '926b07a557a6fe6242bb5e353897e833') in 0.106640 seconds
Number of updated asset objects reloaded before import = 0
Number of asset objects unloaded after import = 2
========================================================================
Received Import Request.
  Time since last request: 0.000123 seconds.
  path: Assets/MarioParadiso/BasketballRing/Textures/Net_Metallic.png
  artifactKey: Guid(afd5c545247e83f42a26b717ea1f3983) Importer(815301076,1909f56bfc062723c751e8b465ee728b)
Start importing Assets/MarioParadiso/BasketballRing/Textures/Net_Metallic.png using Guid(afd5c545247e83f42a26b717ea1f3983) Importer(815301076,1909f56bfc062723c751e8b465ee728b) [PhysX] Initialized MultithreadedTaskDispatcher with 4 workers.
[PhysX] Initialized MultithreadedTaskDispatcher with 4 workers.
 -> (artifact id: '5320e525e2d2c1c8aa8b3840fb0a836a') in 0.189364 seconds
Number of updated asset objects reloaded before import = 0
Number of asset objects unloaded after import = 2
========================================================================
Received Import Request.
  Time since last request: 0.000056 seconds.
  path: Assets/MarioParadiso/BasketballRing/Textures/Ring_Height.png
  artifactKey: Guid(8f1c7cf772074db47bbeaefbfa95d366) Importer(815301076,1909f56bfc062723c751e8b465ee728b)
Start importing Assets/MarioParadiso/BasketballRing/Textures/Ring_Height.png using Guid(8f1c7cf772074db47bbeaefbfa95d366) Importer(815301076,1909f56bfc062723c751e8b465ee728b) [PhysX] Initialized MultithreadedTaskDispatcher with 4 workers.
[PhysX] Initialized MultithreadedTaskDispatcher with 4 workers.
 -> (artifact id: 'c8f7871e7d2632e5bf857a2c078abc4d') in 0.216601 seconds
Number of updated asset objects reloaded before import = 0
Number of asset objects unloaded after import = 2
========================================================================
Received Import Request.
  Time since last request: 0.000509 seconds.
  path: Assets/MarioParadiso/BasketballRing/Textures/Ring_AO.png
  artifactKey: Guid(d5c7ff9ec5b3a0a429c1872bc1b3909e) Importer(815301076,1909f56bfc062723c751e8b465ee728b)
Start importing Assets/MarioParadiso/BasketballRing/Textures/Ring_AO.png using Guid(d5c7ff9ec5b3a0a429c1872bc1b3909e) Importer(815301076,1909f56bfc062723c751e8b465ee728b) [PhysX] Initialized MultithreadedTaskDispatcher with 4 workers.
[PhysX] Initialized MultithreadedTaskDispatcher with 4 workers.
 -> (artifact id: 'ef6895eb2e965966b9bb9a6b05675eb3') in 0.100460 seconds
Number of updated asset objects reloaded before import = 0
Number of asset objects unloaded after import = 2
========================================================================
Received Import Request.
  Time since last request: 5.728388 seconds.
  path: Assets/MarioParadiso/BasketballRing/Meshes/Net.fbx
  artifactKey: Guid(c9ce0862bb5bfbd4798802276da5f041) Importer(815301076,1909f56bfc062723c751e8b465ee728b)
Start importing Assets/MarioParadiso/BasketballRing/Meshes/Net.fbx using Guid(c9ce0862bb5bfbd4798802276da5f041) Importer(815301076,1909f56bfc062723c751e8b465ee728b) [PhysX] Initialized MultithreadedTaskDispatcher with 4 workers.
[PhysX] Initialized MultithreadedTaskDispatcher with 4 workers.
[PhysX] Initialized MultithreadedTaskDispatcher with 4 workers.
 -> (artifact id: 'c5afaa4a9094ddad70664eeec20e5042') in 0.149873 seconds
Number of updated asset objects reloaded before import = 0
Number of asset objects unloaded after import = 7
========================================================================
Received Import Request.
  Time since last request: 0.000190 seconds.
  path: Assets/MarioParadiso/BasketballRing/Meshes/Ring.fbx
  artifactKey: Guid(39cdb67551e295b4eb562c1180c6b15a) Importer(815301076,1909f56bfc062723c751e8b465ee728b)
Start importing Assets/MarioParadiso/BasketballRing/Meshes/Ring.fbx using Guid(39cdb67551e295b4eb562c1180c6b15a) Importer(815301076,1909f56bfc062723c751e8b465ee728b) [PhysX] Initialized MultithreadedTaskDispatcher with 4 workers.
[PhysX] Initialized MultithreadedTaskDispatcher with 4 workers.
[PhysX] Initialized MultithreadedTaskDispatcher with 4 workers.
[PhysX] Initialized MultithreadedTaskDispatcher with 4 workers.
 -> (artifact id: '9a3cdc390f4304bf41e51ec40322dc57') in 1.565456 seconds
Number of updated asset objects reloaded before import = 0
Number of asset objects unloaded after import = 8
========================================================================
Received Import Request.
  Time since last request: 2013.025602 seconds.
  path: Assets/make_a_3D_bascketball_0614195045_texture_fbx
  artifactKey: Guid(dc8eac5ffdfc48e4b990bfe70c0d3903) Importer(815301076,1909f56bfc062723c751e8b465ee728b)
Start importing Assets/make_a_3D_bascketball_0614195045_texture_fbx using Guid(dc8eac5ffdfc48e4b990bfe70c0d3903) Importer(815301076,1909f56bfc062723c751e8b465ee728b) [PhysX] Initialized MultithreadedTaskDispatcher with 4 workers.
 -> (artifact id: '1ac9d41bb2ceb3f7e27b07040c15da8b') in 0.003079 seconds
Number of updated asset objects reloaded before import = 0
Number of asset objects unloaded after import = 0
========================================================================
Received Import Request.
  Time since last request: 0.071308 seconds.
  path: Assets/make_a_3D_bascketball_0614195045_texture_fbx/make_a_3D_bascketball_0614195045_texture.fbx
  artifactKey: Guid(166cfeb28f4d15247a7d0b4403227848) Importer(815301076,1909f56bfc062723c751e8b465ee728b)
Start importing Assets/make_a_3D_bascketball_0614195045_texture_fbx/make_a_3D_bascketball_0614195045_texture.fbx using Guid(166cfeb28f4d15247a7d0b4403227848) Importer(815301076,1909f56bfc062723c751e8b465ee728b) [PhysX] Initialized MultithreadedTaskDispatcher with 4 workers.
[PhysX] Initialized MultithreadedTaskDispatcher with 4 workers.
[PhysX] Initialized MultithreadedTaskDispatcher with 4 workers.
[PhysX] Initialized MultithreadedTaskDispatcher with 4 workers.
 -> (artifact id: 'ab243b540ecc9bd204210a7a3388f218') in 0.311204 seconds
Number of updated asset objects reloaded before import = 0
Number of asset objects unloaded after import = 9
========================================================================
Received Import Request.
  Time since last request: 0.000086 seconds.
  path: Assets/make_a_3D_bascketball_0614195045_texture_fbx/make_a_3D_bascketball_0614195045_texture.png
  artifactKey: Guid(afa38a1a749c86a489d70bfd852a58ff) Importer(815301076,1909f56bfc062723c751e8b465ee728b)
Start importing Assets/make_a_3D_bascketball_0614195045_texture_fbx/make_a_3D_bascketball_0614195045_texture.png using Guid(afa38a1a749c86a489d70bfd852a58ff) Importer(815301076,1909f56bfc062723c751e8b465ee728b) [PhysX] Initialized MultithreadedTaskDispatcher with 4 workers.
[PhysX] Initialized MultithreadedTaskDispatcher with 4 workers.
 -> (artifact id: '770191ef0ef6e98dc966b500b10982a0') in 0.179832 seconds
Number of updated asset objects reloaded before import = 0
Number of asset objects unloaded after import = 2
========================================================================
Received Prepare
Caller must complete domain reload
Begin MonoManager ReloadAssembly
- Loaded All Assemblies, in 20.310 seconds
Native extension for WindowsStandalone target not found
Mono: successfully reloaded assembly
- Finished resetting the current domain, in 91.939 seconds
Domain Reload Profiling: 112231ms
	BeginReloadAssembly (2557ms)
		ExecutionOrderSort (0ms)
		DisableScriptedObjects (114ms)
		BackupInstance (0ms)
		ReleaseScriptingObjects (2ms)
		CreateAndSetChildDomain (1031ms)
	RebuildCommonClasses (210ms)
	RebuildNativeTypeToScriptingClass (61ms)
	initialDomainReloadingComplete (443ms)
	LoadAllAssembliesAndSetupDomain (17016ms)
		LoadAssemblies (17828ms)
		RebuildTransferFunctionScriptingTraits (0ms)
		AnalyzeDomain (183ms)
			TypeCache.Refresh (78ms)
				TypeCache.ScanAssembly (1ms)
			ScanForSourceGeneratedMonoScriptInfo (55ms)
			ResolveRequiredComponents (46ms)
	FinalizeReload (91945ms)
		ReleaseScriptCaches (0ms)
		RebuildScriptCaches (0ms)
		SetupLoadedEditorAssemblies (4619ms)
			LogAssemblyErrors (0ms)
			InitializePlatformSupportModulesInManaged (49ms)
			SetLoadedEditorAssemblies (22ms)
			RefreshPlugins (0ms)
			BeforeProcessingInitializeOnLoad (518ms)
			ProcessInitializeOnLoadAttributes (3741ms)
			ProcessInitializeOnLoadMethodAttributes (228ms)
			AfterProcessingInitializeOnLoad (60ms)
			EditorAssembliesLoaded (1ms)
		ExecutionOrderSort2 (0ms)
		AwakeInstancesAfterBackupRestoration (36ms)
Refreshing native plugins compatible for Editor in 15.58 ms, found 3 plugins.
Preloading 0 native plugins for Editor in 0.00 ms.
Unloading 3126 Unused Serialized files (Serialized files now loaded: 0)
Unloading 13 unused Assets / (27.6 KB). Loaded Objects now: 3659.
Memory consumption went from 126.0 MB to 125.9 MB.
Total: 8.630400 ms (FindLiveObjects: 0.710000 ms CreateObjectMapping: 0.606600 ms MarkObjects: 7.173900 ms  DeleteObjects: 0.136700 ms)

Prepare: number of updated asset objects reloaded= 0
AssetImportParameters requested are different than current active one (requested -> active):
  custom:container-demuxer-ogg: 62fdf1f143b41e24485cea50d1cbac27 -> 
  custom:scripting/monoscript/fileName/move.cs: 121b68ccfe6d02c4399c017d8a811323 -> 7c0f557a2ae3f1ce83d325216f3cc588
  custom:video-decoder-ogg-theora: a1e56fd34408186e4bbccfd4996cb3dc -> 
  custom:framework-win-MediaFoundation: 216162199b28c13a410421893ffa2e32 -> 
  custom:CustomObjectIndexerAttribute: 9a22284fe3817be447336de3de66b15e -> 
  custom:container-demuxer-webm: 4f35f7cbe854078d1ac9338744f61a02 -> 
  custom:container-muxer-webm: aa71ff27fc2769a1b78a27578f13a17b -> 
  custom:video-decoder-webm-vp8: 9c59270c3fd7afecdb556c50c9e8de78 -> 
  custom:SearchIndexIgnoredProperties: e643bd26f0fe6173181afceb89e7c659 -> 
  custom:AudioImporter_EditorPlatform: d09bf68614088b80899f8185d706f6e7 -> 
  custom:video-encoder-webm-vp8: eb34c28f22e8b96e1ab97ce403110664 -> 
  custom:audio-decoder-ogg-vorbis: bf7c407c2cedff20999df2af8eb42d56 -> 
  custom:audio-encoder-webm-vorbis: bf7c407c2cedff20999df2af8eb42d56 -> 
  custom:scripting/precompiled-assembly-types:Assembly-CSharp: 2e59fe8d781758eb3ff436f31c03b8a8 -> 878352febe2152322371d50f7a7bb976
========================================================================
Received Import Request.
  Time since last request: 677.682820 seconds.
  path: Assets/Symmetrical_Facade_0614180141_texture_fbx/Symmetrical_Facade_0614180141_texture.fbx
  artifactKey: Guid(ab006852c4ec06f44afdf5f62ff87cf1) Importer(815301076,1909f56bfc062723c751e8b465ee728b)
Start importing Assets/Symmetrical_Facade_0614180141_texture_fbx/Symmetrical_Facade_0614180141_texture.fbx using Guid(ab006852c4ec06f44afdf5f62ff87cf1) Importer(815301076,1909f56bfc062723c751e8b465ee728b) [PhysX] Initialized MultithreadedTaskDispatcher with 4 workers.
[PhysX] Initialized MultithreadedTaskDispatcher with 4 workers.
[PhysX] Initialized MultithreadedTaskDispatcher with 4 workers.
[PhysX] Initialized MultithreadedTaskDispatcher with 4 workers.
 -> (artifact id: '12106962a1791dff1787bcbe2e9a352a') in 0.428444 seconds
Number of updated asset objects reloaded before import = 0
Number of asset objects unloaded after import = 9
========================================================================
Received Import Request.
  Time since last request: 0.000068 seconds.
  path: Assets/Assets/a_young_man_T_pose_po_0614091916_texture_fbx/a_young_man_T_pose_po_0614091916_texture.fbx
  artifactKey: Guid(c1c1d8c03ab37664a981ce0019c291cf) Importer(815301076,1909f56bfc062723c751e8b465ee728b)
Start importing Assets/Assets/a_young_man_T_pose_po_0614091916_texture_fbx/a_young_man_T_pose_po_0614091916_texture.fbx using Guid(c1c1d8c03ab37664a981ce0019c291cf) Importer(815301076,1909f56bfc062723c751e8b465ee728b) [PhysX] Initialized MultithreadedTaskDispatcher with 4 workers.
[PhysX] Initialized MultithreadedTaskDispatcher with 4 workers.
[PhysX] Initialized MultithreadedTaskDispatcher with 4 workers.
[PhysX] Initialized MultithreadedTaskDispatcher with 4 workers.
 -> (artifact id: '89711c5a334ec7cfe0137c4eaea7e7d9') in 0.063497 seconds
Number of updated asset objects reloaded before import = 0
Number of asset objects unloaded after import = 9
========================================================================
Received Import Request.
  Time since last request: 0.000054 seconds.
  path: Assets/MarioParadiso/BasketballRing/Materials/Net_Metallic.mat
  artifactKey: Guid(4695576287fc2fb4e85c727001d42547) Importer(815301076,1909f56bfc062723c751e8b465ee728b)
Start importing Assets/MarioParadiso/BasketballRing/Materials/Net_Metallic.mat using Guid(4695576287fc2fb4e85c727001d42547) Importer(815301076,1909f56bfc062723c751e8b465ee728b) [PhysX] Initialized MultithreadedTaskDispatcher with 4 workers.
[PhysX] Initialized MultithreadedTaskDispatcher with 4 workers.
 -> (artifact id: '6bcbef3fb7fa1449246e6fa6a8029837') in 0.289649 seconds
Number of updated asset objects reloaded before import = 0
Number of asset objects unloaded after import = 2
========================================================================
Received Import Request.
  Time since last request: 0.000061 seconds.
  path: Assets/MarioParadiso/BasketballRing/Materials/Net_Height.mat
  artifactKey: Guid(8302e11c587759543982f3bfdf549b7d) Importer(815301076,1909f56bfc062723c751e8b465ee728b)
Start importing Assets/MarioParadiso/BasketballRing/Materials/Net_Height.mat using Guid(8302e11c587759543982f3bfdf549b7d) Importer(815301076,1909f56bfc062723c751e8b465ee728b) [PhysX] Initialized MultithreadedTaskDispatcher with 4 workers.
[PhysX] Initialized MultithreadedTaskDispatcher with 4 workers.
 -> (artifact id: '5bb3730ce8884b315c4068741c2e7702') in 0.051657 seconds
Number of updated asset objects reloaded before import = 0
Number of asset objects unloaded after import = 2
========================================================================
Received Import Request.
  Time since last request: 0.000069 seconds.
  path: Assets/Scenes/SampleScene.unity
  artifactKey: Guid(5ba353251a0b8d541af9cc978b031d6f) Importer(815301076,1909f56bfc062723c751e8b465ee728b)
Start importing Assets/Scenes/SampleScene.unity using Guid(5ba353251a0b8d541af9cc978b031d6f) Importer(815301076,1909f56bfc062723c751e8b465ee728b) [PhysX] Initialized MultithreadedTaskDispatcher with 4 workers.
 -> (artifact id: '763b1a71fb6fc73f2726664bbdef1b60') in 0.002006 seconds
Number of updated asset objects reloaded before import = 0
Number of asset objects unloaded after import = 0
========================================================================
Received Import Request.
  Time since last request: 0.000320 seconds.
  path: Assets/school project/UserSettings/Layouts/default-2022.dwlt
  artifactKey: Guid(3500b8de177fd504696f94a8e4c5068e) Importer(815301076,1909f56bfc062723c751e8b465ee728b)
Start importing Assets/school project/UserSettings/Layouts/default-2022.dwlt using Guid(3500b8de177fd504696f94a8e4c5068e) Importer(815301076,1909f56bfc062723c751e8b465ee728b) [PhysX] Initialized MultithreadedTaskDispatcher with 4 workers.
 -> (artifact id: '9cbff282d31ee1eaf69b3a9bfcc44b86') in 0.003447 seconds
Number of updated asset objects reloaded before import = 0
Number of asset objects unloaded after import = 1
========================================================================
Received Import Request.
  Time since last request: 0.000214 seconds.
  path: Assets/make_a_3D_bascketball_0614195045_texture_fbx/make_a_3D_bascketball_0614195045_texture.fbx
  artifactKey: Guid(166cfeb28f4d15247a7d0b4403227848) Importer(815301076,1909f56bfc062723c751e8b465ee728b)
Start importing Assets/make_a_3D_bascketball_0614195045_texture_fbx/make_a_3D_bascketball_0614195045_texture.fbx using Guid(166cfeb28f4d15247a7d0b4403227848) Importer(815301076,1909f56bfc062723c751e8b465ee728b) [PhysX] Initialized MultithreadedTaskDispatcher with 4 workers.
[PhysX] Initialized MultithreadedTaskDispatcher with 4 workers.
[PhysX] Initialized MultithreadedTaskDispatcher with 4 workers.
[PhysX] Initialized MultithreadedTaskDispatcher with 4 workers.
 -> (artifact id: '2f4f3afdb544e59862c1b287485d3ce1') in 0.130235 seconds
Number of updated asset objects reloaded before import = 0
Number of asset objects unloaded after import = 9
========================================================================
Received Import Request.
  Time since last request: 0.000049 seconds.
  path: Assets/MarioParadiso/BasketballRing/Materials/Ring_Albedo.mat
  artifactKey: Guid(a6af313ff819e7944a0b444a80745a1c) Importer(815301076,1909f56bfc062723c751e8b465ee728b)
Start importing Assets/MarioParadiso/BasketballRing/Materials/Ring_Albedo.mat using Guid(a6af313ff819e7944a0b444a80745a1c) Importer(815301076,1909f56bfc062723c751e8b465ee728b) [PhysX] Initialized MultithreadedTaskDispatcher with 4 workers.
[PhysX] Initialized MultithreadedTaskDispatcher with 4 workers.
 -> (artifact id: '23cb291ceee54a7c7e3e88332c39159c') in 0.069245 seconds
Number of updated asset objects reloaded before import = 0
Number of asset objects unloaded after import = 2
========================================================================
Received Import Request.
  Time since last request: 0.000146 seconds.
  path: Assets/school project/UserSettings/Layouts
  artifactKey: Guid(a6fe6c00e2dbedf4e89f50f1319f1ce4) Importer(815301076,1909f56bfc062723c751e8b465ee728b)
Start importing Assets/school project/UserSettings/Layouts using Guid(a6fe6c00e2dbedf4e89f50f1319f1ce4) Importer(815301076,1909f56bfc062723c751e8b465ee728b) [PhysX] Initialized MultithreadedTaskDispatcher with 4 workers.
 -> (artifact id: '2d77e4b8e5154d88618369e08cc949cd') in 0.001641 seconds
Number of updated asset objects reloaded before import = 0
Number of asset objects unloaded after import = 0
========================================================================
Received Import Request.
  Time since last request: 0.000391 seconds.
  path: Assets/MarioParadiso/BasketballRing/Materials/Ring_Metallic.mat
  artifactKey: Guid(ad7dec84c4b104244a27e35bd2dfb990) Importer(815301076,1909f56bfc062723c751e8b465ee728b)
Start importing Assets/MarioParadiso/BasketballRing/Materials/Ring_Metallic.mat using Guid(ad7dec84c4b104244a27e35bd2dfb990) Importer(815301076,1909f56bfc062723c751e8b465ee728b) [PhysX] Initialized MultithreadedTaskDispatcher with 4 workers.
[PhysX] Initialized MultithreadedTaskDispatcher with 4 workers.
 -> (artifact id: '45edf8e0f1cf5c25d4b4f5756c449115') in 0.147425 seconds
Number of updated asset objects reloaded before import = 0
Number of asset objects unloaded after import = 2
========================================================================
Received Import Request.
  Time since last request: 0.000092 seconds.
  path: Assets/TileableBricksWall/Materials/Bricks_normal.mat
  artifactKey: Guid(ca42368baa37e0b429cd7fc2047c8375) Importer(815301076,1909f56bfc062723c751e8b465ee728b)
Start importing Assets/TileableBricksWall/Materials/Bricks_normal.mat using Guid(ca42368baa37e0b429cd7fc2047c8375) Importer(815301076,1909f56bfc062723c751e8b465ee728b) [PhysX] Initialized MultithreadedTaskDispatcher with 4 workers.
[PhysX] Initialized MultithreadedTaskDispatcher with 4 workers.
 -> (artifact id: 'ba0feecc0887fa4f0b44c248059e7ad9') in 0.073220 seconds
Number of updated asset objects reloaded before import = 0
Number of asset objects unloaded after import = 6
========================================================================
Received Import Request.
  Time since last request: 0.000059 seconds.
  path: Assets/MarioParadiso/BasketballRing/Materials/Ring_Height.mat
  artifactKey: Guid(a4fd85dc0e9e5d74f80aa0a408fcfb6b) Importer(815301076,1909f56bfc062723c751e8b465ee728b)
Start importing Assets/MarioParadiso/BasketballRing/Materials/Ring_Height.mat using Guid(a4fd85dc0e9e5d74f80aa0a408fcfb6b) Importer(815301076,1909f56bfc062723c751e8b465ee728b) [PhysX] Initialized MultithreadedTaskDispatcher with 4 workers.
[PhysX] Initialized MultithreadedTaskDispatcher with 4 workers.
 -> (artifact id: '3f716c7ad944b0c5ad51da31fbe9c60b') in 0.094657 seconds
Number of updated asset objects reloaded before import = 0
Number of asset objects unloaded after import = 2
========================================================================
Received Import Request.
  Time since last request: 0.000122 seconds.
  path: Assets/TileableBricksWall/Materials/Bricks_gloss.mat
  artifactKey: Guid(a85524797e0fe764fb711c9894bf843c) Importer(815301076,1909f56bfc062723c751e8b465ee728b)
Start importing Assets/TileableBricksWall/Materials/Bricks_gloss.mat using Guid(a85524797e0fe764fb711c9894bf843c) Importer(815301076,1909f56bfc062723c751e8b465ee728b) [PhysX] Initialized MultithreadedTaskDispatcher with 4 workers.
[PhysX] Initialized MultithreadedTaskDispatcher with 4 workers.
 -> (artifact id: '24da5f4a666bd331fb5568107315c5aa') in 0.047616 seconds
Number of updated asset objects reloaded before import = 0
Number of asset objects unloaded after import = 4
========================================================================
Received Import Request.
  Time since last request: 0.000076 seconds.
  path: Assets/MarioParadiso/BasketballRing/Materials/Net_Albedo.mat
  artifactKey: Guid(4f3886a8dc08ddd4ca3f74a43d8247ee) Importer(815301076,1909f56bfc062723c751e8b465ee728b)
Start importing Assets/MarioParadiso/BasketballRing/Materials/Net_Albedo.mat using Guid(4f3886a8dc08ddd4ca3f74a43d8247ee) Importer(815301076,1909f56bfc062723c751e8b465ee728b) [PhysX] Initialized MultithreadedTaskDispatcher with 4 workers.
[PhysX] Initialized MultithreadedTaskDispatcher with 4 workers.
 -> (artifact id: 'f36a039e02c09ec439f0ce2994fdb533') in 0.053532 seconds
Number of updated asset objects reloaded before import = 0
Number of asset objects unloaded after import = 2
========================================================================
Received Import Request.
  Time since last request: 0.000053 seconds.
  path: Assets/MarioParadiso/BasketballRing/Materials/Net_AO.mat
  artifactKey: Guid(3b046d504df373f4eb175fcd232d6019) Importer(815301076,1909f56bfc062723c751e8b465ee728b)
Start importing Assets/MarioParadiso/BasketballRing/Materials/Net_AO.mat using Guid(3b046d504df373f4eb175fcd232d6019) Importer(815301076,1909f56bfc062723c751e8b465ee728b) [PhysX] Initialized MultithreadedTaskDispatcher with 4 workers.
[PhysX] Initialized MultithreadedTaskDispatcher with 4 workers.
 -> (artifact id: '79aa99bd1f106fb574af51f7ad882623') in 0.605569 seconds
Number of updated asset objects reloaded before import = 0
Number of asset objects unloaded after import = 2
========================================================================
Received Import Request.
  Time since last request: 0.001119 seconds.
  path: Assets/school project/UserSettings/EditorUserSettings.asset
  artifactKey: Guid(c1c95c15590a4974cac0892b36aac138) Importer(815301076,1909f56bfc062723c751e8b465ee728b)
Start importing Assets/school project/UserSettings/EditorUserSettings.asset using Guid(c1c95c15590a4974cac0892b36aac138) Importer(815301076,1909f56bfc062723c751e8b465ee728b) [PhysX] Initialized MultithreadedTaskDispatcher with 4 workers.
 -> (artifact id: '2380623e1d6bd1defc3e4f83c0514da4') in 0.029852 seconds
Number of updated asset objects reloaded before import = 0
Number of asset objects unloaded after import = 0
========================================================================
Received Import Request.
  Time since last request: 0.003282 seconds.
  path: Assets/school project/Logs
  artifactKey: Guid(0ea758576bfc1814da0808427b124dd1) Importer(815301076,1909f56bfc062723c751e8b465ee728b)
Start importing Assets/school project/Logs using Guid(0ea758576bfc1814da0808427b124dd1) Importer(815301076,1909f56bfc062723c751e8b465ee728b) [PhysX] Initialized MultithreadedTaskDispatcher with 4 workers.
 -> (artifact id: 'e1da951eeebd780f4db988a24990894e') in 0.034516 seconds
Number of updated asset objects reloaded before import = 0
Number of asset objects unloaded after import = 0
========================================================================
Received Import Request.
  Time since last request: 0.000127 seconds.
  path: Assets/MarioParadiso/BasketballRing/Materials/Ring_AO.mat
  artifactKey: Guid(5275f4f9b37a7904ba20b0a92b264864) Importer(815301076,1909f56bfc062723c751e8b465ee728b)
Start importing Assets/MarioParadiso/BasketballRing/Materials/Ring_AO.mat using Guid(5275f4f9b37a7904ba20b0a92b264864) Importer(815301076,1909f56bfc062723c751e8b465ee728b) [PhysX] Initialized MultithreadedTaskDispatcher with 4 workers.
[PhysX] Initialized MultithreadedTaskDispatcher with 4 workers.
 -> (artifact id: '16cec1a643e805a06567b5cc27f9ba1e') in 0.637373 seconds
Number of updated asset objects reloaded before import = 0
Number of asset objects unloaded after import = 2
========================================================================
Received Import Request.
  Time since last request: 0.000068 seconds.
  path: Assets/Assets/Green_School_Building_0613142156_texture_fbx/Green_School_Building_0613142156_texture.fbx
  artifactKey: Guid(b2ce8adc7d4141347a89693313e25bcb) Importer(815301076,1909f56bfc062723c751e8b465ee728b)
Start importing Assets/Assets/Green_School_Building_0613142156_texture_fbx/Green_School_Building_0613142156_texture.fbx using Guid(b2ce8adc7d4141347a89693313e25bcb) Importer(815301076,1909f56bfc062723c751e8b465ee728b) [PhysX] Initialized MultithreadedTaskDispatcher with 4 workers.
[PhysX] Initialized MultithreadedTaskDispatcher with 4 workers.
[PhysX] Initialized MultithreadedTaskDispatcher with 4 workers.
[PhysX] Initialized MultithreadedTaskDispatcher with 4 workers.
 -> (artifact id: 'fadcb9884aa1fac685f44dc7d5424b78') in 0.618210 seconds
Number of updated asset objects reloaded before import = 0
Number of asset objects unloaded after import = 9
========================================================================
Received Import Request.
  Time since last request: 0.000085 seconds.
  path: Assets/Assets/source/Sketchfab_2018_04_02_20_29_19.blend
  artifactKey: Guid(805319a646b34fa4ba34bce4659b216f) Importer(815301076,1909f56bfc062723c751e8b465ee728b)
Start importing Assets/Assets/source/Sketchfab_2018_04_02_20_29_19.blend using Guid(805319a646b34fa4ba34bce4659b216f) Importer(815301076,1909f56bfc062723c751e8b465ee728b) [PhysX] Initialized MultithreadedTaskDispatcher with 4 workers.
[PhysX] Initialized MultithreadedTaskDispatcher with 4 workers.
[PhysX] Initialized MultithreadedTaskDispatcher with 4 workers.
[PhysX] Initialized MultithreadedTaskDispatcher with 4 workers.
[PhysX] Initialized MultithreadedTaskDispatcher with 4 workers.
[PhysX] Initialized MultithreadedTaskDispatcher with 4 workers.
[PhysX] Initialized MultithreadedTaskDispatcher with 4 workers.
[PhysX] Initialized MultithreadedTaskDispatcher with 4 workers.
[PhysX] Initialized MultithreadedTaskDispatcher with 4 workers.
[PhysX] Initialized MultithreadedTaskDispatcher with 4 workers.
[PhysX] Initialized MultithreadedTaskDispatcher with 4 workers.
 -> (artifact id: '75af10d1794b906c6ffc5405585d3c73') in 0.464511 seconds
Number of updated asset objects reloaded before import = 0
Number of asset objects unloaded after import = 34
